<?xml version="1.0" encoding="UTF-8"?>
<testng-results skipped="0" failed="0" total="4" passed="4">
  <reporter-output>
  </reporter-output>
  <suite name="Surefire suite" duration-ms="21432" started-at="2015-10-07T15:22:51Z" finished-at="2015-10-07T15:23:13Z">
    <groups>
    </groups>
    <test name="Surefire test" duration-ms="21432" started-at="2015-10-07T15:22:51Z" finished-at="2015-10-07T15:23:13Z">
      <class name="TestSuccessfulAuthorization">
        <test-method status="PASS" signature="ready()[pri:0, instance:TestSuccessfulAuthorization@26722665]" name="ready" is-config="true" duration-ms="4915" started-at="2015-10-07T18:23:05Z" finished-at="2015-10-07T18:23:10Z">
          <reporter-output>
          </reporter-output>
        </test-method> <!-- ready -->
        <test-method status="PASS" signature="correctLogin()[pri:0, instance:TestSuccessfulAuthorization@26722665]" name="correctLogin" duration-ms="2182" started-at="2015-10-07T18:23:10Z" finished-at="2015-10-07T18:23:13Z">
          <reporter-output>
          </reporter-output>
        </test-method> <!-- correctLogin -->
        <test-method status="PASS" signature="finish()[pri:0, instance:TestSuccessfulAuthorization@26722665]" name="finish" is-config="true" duration-ms="370" started-at="2015-10-07T18:23:13Z" finished-at="2015-10-07T18:23:13Z">
          <reporter-output>
          </reporter-output>
        </test-method> <!-- finish -->
      </class> <!-- TestSuccessfulAuthorization -->
      <class name="TestFailedLogin">
        <test-method status="PASS" signature="ready()[pri:0, instance:TestFailedLogin@11de56e6]" name="ready" is-config="true" duration-ms="7868" started-at="2015-10-07T18:22:52Z" finished-at="2015-10-07T18:22:59Z">
          <reporter-output>
          </reporter-output>
        </test-method> <!-- ready -->
        <test-method status="PASS" signature="stady()[pri:0, instance:TestFailedLogin@11de56e6]" name="stady" is-config="true" duration-ms="1784" started-at="2015-10-07T18:22:59Z" finished-at="2015-10-07T18:23:01Z">
          <reporter-output>
          </reporter-output>
        </test-method> <!-- stady -->
        <test-method status="PASS" signature="loginWithEmptyFields()[pri:0, instance:TestFailedLogin@11de56e6]" name="loginWithEmptyFields" duration-ms="620" started-at="2015-10-07T18:23:01Z" finished-at="2015-10-07T18:23:02Z">
          <reporter-output>
          </reporter-output>
        </test-method> <!-- loginWithEmptyFields -->
        <test-method status="PASS" signature="stady()[pri:0, instance:TestFailedLogin@11de56e6]" name="stady" is-config="true" duration-ms="725" started-at="2015-10-07T18:23:02Z" finished-at="2015-10-07T18:23:03Z">
          <reporter-output>
          </reporter-output>
        </test-method> <!-- stady -->
        <test-method status="PASS" signature="loginWithIncorrectEmail()[pri:0, instance:TestFailedLogin@11de56e6]" name="loginWithIncorrectEmail" duration-ms="826" started-at="2015-10-07T18:23:03Z" finished-at="2015-10-07T18:23:03Z">
          <reporter-output>
          </reporter-output>
        </test-method> <!-- loginWithIncorrectEmail -->
        <test-method status="PASS" signature="stady()[pri:0, instance:TestFailedLogin@11de56e6]" name="stady" is-config="true" duration-ms="698" started-at="2015-10-07T18:23:03Z" finished-at="2015-10-07T18:23:04Z">
          <reporter-output>
          </reporter-output>
        </test-method> <!-- stady -->
        <test-method status="PASS" signature="loginWithIncorrectPassword()[pri:0, instance:TestFailedLogin@11de56e6]" name="loginWithIncorrectPassword" duration-ms="567" started-at="2015-10-07T18:23:04Z" finished-at="2015-10-07T18:23:05Z">
          <reporter-output>
          </reporter-output>
        </test-method> <!-- loginWithIncorrectPassword -->
        <test-method status="PASS" signature="finish()[pri:0, instance:TestFailedLogin@11de56e6]" name="finish" is-config="true" duration-ms="694" started-at="2015-10-07T18:23:05Z" finished-at="2015-10-07T18:23:05Z">
          <reporter-output>
          </reporter-output>
        </test-method> <!-- finish -->
      </class> <!-- TestFailedLogin -->
    </test> <!-- Surefire test -->
  </suite> <!-- Surefire suite -->
</testng-results>
