<?xml version="1.0" encoding="UTF-8"?>
<!-- Generated by org.testng.reporters.JUnitXMLReporter -->
<testsuite hostname="Anders" tests="4" failures="0" timestamp="7 Oct 2015 15:24:50 GMT" time="64.261" errors="0">
  <testcase name="@BeforeTest stady" time="0.0" classname="TestFailedLogin">
    <failure type="org.openqa.selenium.remote.UnreachableBrowserException" message="Error communicating with the remote browser. It may have died.
Build info: version: &amp;apos;2.47.0&amp;apos;, revision: &amp;apos;0e4837e94b1fad0db93e88cd972ed3e235a22892&amp;apos;, time: &amp;apos;2015-07-29 15:58:41&amp;apos;
System info: host: &amp;apos;Anders&amp;apos;, ip: &amp;apos;172.22.45.120&amp;apos;, os.name: &amp;apos;Windows 8.1&amp;apos;, os.arch: &amp;apos;amd64&amp;apos;, os.version: &amp;apos;6.3&amp;apos;, java.version: &amp;apos;1.8.0_51&amp;apos;
Driver info: driver.version: RemoteWebDriver
selenide.url: http://purity_ws.andersenlab.com
selenide.baseUrl: http://localhost:8080">
      <![CDATA[org.openqa.selenium.remote.UnreachableBrowserException: Error communicating with the remote browser. It may have died.
Build info: version: '2.47.0', revision: '0e4837e94b1fad0db93e88cd972ed3e235a22892', time: '2015-07-29 15:58:41'
System info: host: 'Anders', ip: '172.22.45.120', os.name: 'Windows 8.1', os.arch: 'amd64', os.version: '6.3', java.version: '1.8.0_51'
Driver info: driver.version: RemoteWebDriver
selenide.url: http://purity_ws.andersenlab.com
selenide.baseUrl: http://localhost:8080
	at org.openqa.selenium.remote.RemoteWebDriver.execute(RemoteWebDriver.java:589)
	at org.openqa.selenium.remote.RemoteWebDriver.get(RemoteWebDriver.java:306)
	at org.openqa.selenium.remote.RemoteWebDriver$RemoteNavigation.to(RemoteWebDriver.java:850)
	at com.codeborne.selenide.impl.Navigator.navigateToAbsoluteUrl(Navigator.java:43)
	at com.codeborne.selenide.impl.Navigator.open(Navigator.java:21)
	at com.codeborne.selenide.Selenide.open(Selenide.java:53)
	at TestFailedLogin.stady(TestFailedLogin.java:23)
Caused by: java.net.SocketException: Connection reset
	at java.net.SocketInputStream.read(SocketInputStream.java:209)
	at java.net.SocketInputStream.read(SocketInputStream.java:141)
	at org.apache.http.impl.io.SessionInputBufferImpl.streamRead(SessionInputBufferImpl.java:139)
	at org.apache.http.impl.io.SessionInputBufferImpl.fillBuffer(SessionInputBufferImpl.java:155)
	at org.apache.http.impl.io.SessionInputBufferImpl.readLine(SessionInputBufferImpl.java:284)
	at org.apache.http.impl.conn.DefaultHttpResponseParser.parseHead(DefaultHttpResponseParser.java:140)
	at org.apache.http.impl.conn.DefaultHttpResponseParser.parseHead(DefaultHttpResponseParser.java:57)
	at org.apache.http.impl.io.AbstractMessageParser.parse(AbstractMessageParser.java:261)
	at org.apache.http.impl.DefaultBHttpClientConnection.receiveResponseHeader(DefaultBHttpClientConnection.java:165)
	at org.apache.http.impl.conn.CPoolProxy.receiveResponseHeader(CPoolProxy.java:167)
	at org.apache.http.protocol.HttpRequestExecutor.doReceiveResponse(HttpRequestExecutor.java:272)
	at org.apache.http.protocol.HttpRequestExecutor.execute(HttpRequestExecutor.java:124)
	at org.apache.http.impl.execchain.MainClientExec.execute(MainClientExec.java:271)
	at org.apache.http.impl.execchain.ProtocolExec.execute(ProtocolExec.java:184)
	at org.apache.http.impl.execchain.RetryExec.execute(RetryExec.java:88)
	at org.apache.http.impl.execchain.RedirectExec.execute(RedirectExec.java:110)
	at org.apache.http.impl.client.InternalHttpClient.doExecute(InternalHttpClient.java:184)
	at org.apache.http.impl.client.CloseableHttpClient.execute(CloseableHttpClient.java:71)
	at org.apache.http.impl.client.CloseableHttpClient.execute(CloseableHttpClient.java:55)
	at org.openqa.selenium.remote.internal.ApacheHttpClient.fallBackExecute(ApacheHttpClient.java:143)
	at org.openqa.selenium.remote.internal.ApacheHttpClient.execute(ApacheHttpClient.java:89)
	at org.openqa.selenium.remote.HttpCommandExecutor.execute(HttpCommandExecutor.java:134)
	at org.openqa.selenium.firefox.internal.NewProfileExtensionConnection.execute(NewProfileExtensionConnection.java:170)
	at org.openqa.selenium.firefox.FirefoxDriver$LazyCommandExecutor.execute(FirefoxDriver.java:393)
	at org.openqa.selenium.remote.RemoteWebDriver.execute(RemoteWebDriver.java:568)
	... 32 more
... Removed 26 stack frames]]>
    </failure>
  </testcase> <!-- @BeforeTest stady -->
  <testcase name="@BeforeClass ready" time="0.0" classname="TestFailedLogin">
    <skipped/>
  </testcase> <!-- @BeforeClass ready -->
  <testcase name="@AfterClass finish" time="0.0" classname="TestFailedLogin">
    <skipped/>
  </testcase> <!-- @AfterClass finish -->
  <testcase name="@BeforeClass ready" time="0.0" classname="TestSuccessfulAuthorization">
    <skipped/>
  </testcase> <!-- @BeforeClass ready -->
  <testcase name="@AfterClass finish" time="0.0" classname="TestSuccessfulAuthorization">
    <skipped/>
  </testcase> <!-- @AfterClass finish -->
  <testcase name="loginWithEmptyFields" time="0.003" classname="TestFailedLogin">
    <skipped/>
  </testcase> <!-- loginWithEmptyFields -->
  <testcase name="loginWithIncorrectEmail" time="0.0" classname="TestFailedLogin">
    <skipped/>
  </testcase> <!-- loginWithIncorrectEmail -->
  <testcase name="loginWithIncorrectPassword" time="0.001" classname="TestFailedLogin">
    <skipped/>
  </testcase> <!-- loginWithIncorrectPassword -->
  <testcase name="correctLogin" time="0.001" classname="TestSuccessfulAuthorization">
    <skipped/>
  </testcase> <!-- correctLogin -->
</testsuite>
